2025-01-27 09:48:17.839 | INFO     | utils_logger:<module>:41 - Logging to file: logs\project_log.log
2025-01-27 09:48:17.840 | INFO     | __main__:main:93 - Starting CSV fetch demonstration...
2025-01-27 09:48:17.840 | INFO     | __main__:fetch_csv_file:52 - Fetching CSV data from https://raw.githubusercontent.com/MainakRepositor/Datasets/master/World%20Happiness%20Data/2020.csv...
2025-01-27 09:48:18.134 | INFO     | __main__:write_csv_file:76 - Writing CSV data to example_data\2020_happiness.csv...
2025-01-27 09:48:18.135 | INFO     | __main__:write_csv_file:80 - SUCCESS: CSV data written to example_data\2020_happiness.csv
2025-01-27 09:48:18.136 | INFO     | __main__:fetch_csv_file:56 - SUCCESS: CSV file fetched and saved as 2020_happiness.csv
2025-01-27 09:49:52.179 | INFO     | utils_logger:<module>:41 - Logging to file: logs\project_log.log
2025-01-27 09:49:52.180 | INFO     | __main__:main:93 - Starting CSV fetch demonstration...
2025-01-27 09:49:52.180 | INFO     | __main__:fetch_csv_file:52 - Fetching CSV data from https://raw.githubusercontent.com/MainakRepositor/Datasets/master/World%20Happiness%20Data/2020.csv...
2025-01-27 09:49:52.254 | INFO     | __main__:write_csv_file:76 - Writing CSV data to example_data\2020_happiness.csv...
2025-01-27 09:49:52.255 | INFO     | __main__:write_csv_file:80 - SUCCESS: CSV data written to example_data\2020_happiness.csv
2025-01-27 09:49:52.255 | INFO     | __main__:fetch_csv_file:56 - SUCCESS: CSV file fetched and saved as 2020_happiness.csv
2025-01-27 09:50:28.717 | INFO     | utils_logger:<module>:41 - Logging to file: logs\project_log.log
2025-01-27 09:50:28.717 | INFO     | __main__:main:93 - Starting Excel fetch demonstration...
2025-01-27 09:50:28.717 | INFO     | __main__:fetch_excel_file:52 - Fetching Excel data from https://raw.githubusercontent.com/denisecase/datafun-03-analytics/main/hosted/Feedback.xlsx...
2025-01-27 09:50:29.153 | INFO     | __main__:write_excel_file:76 - Writing Excel data to example_data\feedback.xlsx...
2025-01-27 09:50:29.154 | INFO     | __main__:write_excel_file:80 - SUCCESS: Excel data written to example_data\feedback.xlsx
2025-01-27 09:50:29.154 | INFO     | __main__:fetch_excel_file:56 - SUCCESS: Excel file fetched and saved as feedback.xlsx
2025-01-27 09:50:43.656 | INFO     | utils_logger:<module>:41 - Logging to file: logs\project_log.log
2025-01-27 09:50:43.656 | INFO     | __main__:main:94 - Starting JSON fetch demonstration...
2025-01-27 09:50:43.656 | INFO     | __main__:fetch_json_file:53 - Fetching JSON data from http://api.open-notify.org/astros.json...
2025-01-27 09:50:44.913 | INFO     | __main__:write_json_file:77 - Writing JSON data to example_data\astros.json...
2025-01-27 09:50:44.915 | INFO     | __main__:write_json_file:81 - SUCCESS: JSON data written to example_data\astros.json
2025-01-27 09:50:44.915 | INFO     | __main__:fetch_json_file:57 - SUCCESS: JSON file fetched and saved as astros.json
2025-01-27 09:50:56.176 | INFO     | utils_logger:<module>:41 - Logging to file: logs\project_log.log
2025-01-27 09:50:56.176 | INFO     | __main__:main:93 - Starting text fetch demonstration...
2025-01-27 09:50:56.176 | INFO     | __main__:fetch_txt_file:52 - Fetching text data from https://raw.githubusercontent.com/denisecase/datafun-03-analytics/main/hosted/romeo.txt...
2025-01-27 09:50:56.608 | INFO     | __main__:write_txt_file:76 - Writing data to example_data\romeo.txt...
2025-01-27 09:50:56.609 | INFO     | __main__:write_txt_file:80 - SUCCESS: Data written to example_data\romeo.txt
2025-01-27 09:50:56.609 | INFO     | __main__:fetch_txt_file:56 - SUCCESS: Text file fetched and saved as romeo.txt
2025-01-27 09:51:13.509 | INFO     | utils_logger:<module>:41 - Logging to file: logs\project_log.log
2025-01-27 09:51:13.509 | INFO     | __main__:<module>:78 - Starting CSV processing...
2025-01-27 09:51:13.511 | INFO     | __main__:process_csv_file:71 - Processed CSV file: example_data\2020_happiness.csv, Statistics saved to: example_processed\happiness_ladder_score_stats.txt
2025-01-27 09:51:13.511 | INFO     | __main__:<module>:80 - CSV processing complete.
2025-01-27 09:51:22.549 | INFO     | utils_logger:<module>:41 - Logging to file: logs\project_log.log
2025-01-27 09:51:22.549 | INFO     | __main__:<module>:61 - Starting Excel processing...
2025-01-27 09:51:22.557 | INFO     | __main__:process_excel_file:54 - Processed Excel file: example_data\feedback.xlsx, Word count saved to: example_processed\excel_feedback_github_count.txt
2025-01-27 09:51:22.558 | INFO     | __main__:<module>:63 - Excel processing complete.
2025-01-27 09:51:35.247 | INFO     | utils_logger:<module>:41 - Logging to file: logs\project_log.log
2025-01-27 09:51:35.247 | INFO     | __main__:<module>:84 - Starting JSON processing...
2025-01-27 09:51:35.248 | INFO     | __main__:process_json_file:77 - Processed JSON file: example_data\astros.json, Results saved to: example_processed\json_astronauts_by_craft.txt
2025-01-27 09:51:35.248 | INFO     | __main__:<module>:86 - JSON processing complete.
2025-01-27 09:51:48.525 | INFO     | utils_logger:<module>:41 - Logging to file: logs\project_log.log
2025-01-27 09:51:48.525 | INFO     | __main__:<module>:52 - Starting text processing...
2025-01-27 09:51:48.526 | INFO     | __main__:process_text_file:45 - Processed text file: example_data\romeo.txt, Word count saved to: example_processed\text_romeo_word_count.txt
2025-01-27 09:51:48.526 | INFO     | __main__:<module>:54 - Text processing complete.
2025-01-27 11:21:37.488 | INFO     | utils_logger:<module>:41 - Logging to file: logs\project_log.log
2025-01-27 11:21:37.488 | INFO     | __main__:main:90 - Starting CSV fetch demonstration...
2025-01-27 11:21:37.488 | INFO     | __main__:fetch_csv_file:49 - Fetching CSV data from https://data-lakecountyil.opendata.arcgis.com/api/download/v1/items/3e0c1eb04e5c48b3be9040b0589d3ccf/csv?layers=8...
2025-01-27 11:21:41.545 | INFO     | __main__:write_csv_file:73 - Writing CSV data to data\obesity.csv...
2025-01-27 11:21:41.545 | INFO     | __main__:write_csv_file:77 - SUCCESS: CSV data written to data\obesity.csv
2025-01-27 11:21:41.546 | INFO     | __main__:fetch_csv_file:53 - SUCCESS: CSV file fetched and saved as obesity.csv
2025-01-27 11:47:03.186 | INFO     | utils_logger:<module>:41 - Logging to file: logs\project_log.log
2025-01-27 11:47:03.186 | INFO     | __main__:main:90 - Starting Excel fetch demonstration...
2025-01-27 11:47:03.186 | INFO     | __main__:fetch_excel_file:49 - Fetching Excel data from https://github.com/DMill31/datafun-03-analytics/blob/main/online-files/Titanic.xlsx...
2025-01-27 11:47:03.634 | INFO     | __main__:write_excel_file:73 - Writing Excel data to data\titanic.xlsx...
2025-01-27 11:47:03.634 | INFO     | __main__:write_excel_file:77 - SUCCESS: Excel data written to data\titanic.xlsx
2025-01-27 11:47:03.634 | INFO     | __main__:fetch_excel_file:53 - SUCCESS: Excel file fetched and saved as titanic.xlsx
2025-01-27 12:00:21.164 | INFO     | utils_logger:<module>:41 - Logging to file: logs\project_log.log
2025-01-27 12:00:21.164 | INFO     | __main__:main:91 - Starting JSON fetch demonstration...
2025-01-27 12:00:21.164 | INFO     | __main__:fetch_json_file:50 - Fetching JSON data from https://data.cityofnewyork.us/api/views/c3uy-2p5r/rows.json?accessType=DOWNLOAD...
2025-01-27 12:00:31.609 | ERROR    | __main__:fetch_json_file:56 - HTTP error occurred: 500 Server Error: Server Error for url: https://data.cityofnewyork.us/api/views/c3uy-2p5r/rows.json?accessType=DOWNLOAD
2025-01-27 12:02:54.239 | INFO     | utils_logger:<module>:41 - Logging to file: logs\project_log.log
2025-01-27 12:02:54.240 | INFO     | __main__:main:90 - Starting Excel fetch demonstration...
2025-01-27 12:02:54.240 | INFO     | __main__:fetch_excel_file:49 - Fetching Excel data from https://github.com/DMill31/datafun-03-analytics/blob/main/online-files/Titanic.xlsx...
2025-01-27 12:02:54.602 | ERROR    | __main__:fetch_excel_file:55 - HTTP error occurred: 404 Client Error: Not Found for url: https://github.com/DMill31/datafun-03-analytics/blob/main/online-files/Titanic.xlsx
2025-01-27 12:06:33.296 | INFO     | utils_logger:<module>:41 - Logging to file: logs\project_log.log
2025-01-27 12:06:33.296 | INFO     | __main__:main:90 - Starting Excel fetch demonstration...
2025-01-27 12:06:33.297 | INFO     | __main__:fetch_excel_file:49 - Fetching Excel data from https://github.com/DMill31/datafun-03-files/blob/main/Titanic.xlsx...
2025-01-27 12:06:33.811 | INFO     | __main__:write_excel_file:73 - Writing Excel data to data\titanic.xlsx...
2025-01-27 12:06:33.812 | INFO     | __main__:write_excel_file:77 - SUCCESS: Excel data written to data\titanic.xlsx
2025-01-27 12:06:33.812 | INFO     | __main__:fetch_excel_file:53 - SUCCESS: Excel file fetched and saved as titanic.xlsx
2025-01-27 12:07:04.530 | INFO     | utils_logger:<module>:41 - Logging to file: logs\project_log.log
2025-01-27 12:07:04.530 | INFO     | __main__:main:91 - Starting JSON fetch demonstration...
2025-01-27 12:07:04.531 | INFO     | __main__:fetch_json_file:50 - Fetching JSON data from https://github.com/DMill31/datafun-03-files/blob/main/air-quality.json...
2025-01-27 12:07:04.940 | ERROR    | __main__:fetch_json_file:58 - Request error occurred: Expecting value: line 7 column 1 (char 6)
2025-01-27 12:16:10.541 | INFO     | utils_logger:<module>:41 - Logging to file: logs\project_log.log
2025-01-27 12:16:10.541 | INFO     | __main__:main:91 - Starting JSON fetch demonstration...
2025-01-27 12:16:10.541 | INFO     | __main__:fetch_json_file:50 - Fetching JSON data from https://github.com/DMill31/datafun-03-files/blob/main/meteorite.json...
2025-01-27 12:16:11.123 | ERROR    | __main__:fetch_json_file:58 - Request error occurred: Expecting value: line 7 column 1 (char 6)
2025-01-27 12:17:41.970 | INFO     | utils_logger:<module>:41 - Logging to file: logs\project_log.log
2025-01-27 12:17:41.970 | INFO     | __main__:main:91 - Starting JSON fetch demonstration...
2025-01-27 12:17:41.970 | INFO     | __main__:fetch_json_file:50 - Fetching JSON data from https://github.com/DMill31/datafun-03-files/blob/main/example_2.json...
2025-01-27 12:17:42.449 | ERROR    | __main__:fetch_json_file:58 - Request error occurred: Expecting value: line 7 column 1 (char 6)
